<?xml version="1.0" encoding="UTF-8"?>
<!-- Generated by org.testng.reporters.JUnitReportReporter -->
<testsuite hostname="user-H81M-HD3" name="web_eye_care.tests.BuyAsExistingUserTest" tests="5" failures="0" timestamp="22 Feb 2018 18:06:33 GMT" time="32.521" errors="0">
  <testcase name="testGoToProductCategoryPage" time="2.453" classname="web_eye_care.tests.BuyAsExistingUserTest"/>
  <testcase name="testProceedToCheckout" time="15.633" classname="web_eye_care.tests.BuyAsExistingUserTest"/>
  <testcase name="testAddToCart" time="4.125" classname="web_eye_care.tests.BuyAsExistingUserTest"/>
  <testcase name="testGoToProductPage" time="4.927" classname="web_eye_care.tests.BuyAsExistingUserTest"/>
  <testcase name="testGoToMainPage" time="5.383" classname="web_eye_care.tests.BuyAsExistingUserTest"/>
</testsuite> <!-- web_eye_care.tests.BuyAsExistingUserTest -->
