<?xml version="1.0" encoding="UTF-8"?>
<!-- Generated by org.testng.reporters.JUnitReportReporter -->
<testsuite hostname="user-H81M-HD3" name="web_eye_care.tests.UserRegistration_Test" tests="2" failures="0" timestamp="16 Feb 2018 15:29:10 GMT" time="18.214" errors="0">
  <testcase name="testGoToMainPage" time="6.284" classname="web_eye_care.tests.UserRegistration_Test"/>
  <testcase name="testRegistration" time="11.930" classname="web_eye_care.tests.UserRegistration_Test"/>
</testsuite> <!-- web_eye_care.tests.UserRegistration_Test -->
