<?xml version="1.0" encoding="UTF-8"?>
<!-- Generated by org.testng.reporters.JUnitReportReporter -->
<testsuite hostname="user-H81M-HD3" name="web_eye_care.tests.BuyAsExistingUserTest" tests="5" failures="0" timestamp="23 Feb 2018 11:30:29 GMT" time="33.827" errors="0">
  <testcase name="testProceedToCheckout" time="18.260" classname="web_eye_care.tests.BuyAsExistingUserTest"/>
  <testcase name="testGoToProductCategoryPage" time="2.194" classname="web_eye_care.tests.BuyAsExistingUserTest"/>
  <testcase name="testAddToCart" time="3.803" classname="web_eye_care.tests.BuyAsExistingUserTest"/>
  <testcase name="testGoToProductPage" time="4.068" classname="web_eye_care.tests.BuyAsExistingUserTest"/>
  <testcase name="testGoToMainPage" time="5.502" classname="web_eye_care.tests.BuyAsExistingUserTest"/>
</testsuite> <!-- web_eye_care.tests.BuyAsExistingUserTest -->
