<?xml version="1.0" encoding="UTF-8"?>
<!-- Generated by org.testng.reporters.JUnitReportReporter -->
<testsuite hostname="user-H81M-HD3" name="web_eye_care.tests.UserRegistrationTest" tests="5" failures="0" timestamp="23 Feb 2018 11:30:29 GMT" time="70.065" errors="0">
  <testcase name="testRegistrationOfNewUser" time="4.345" classname="web_eye_care.tests.UserRegistrationTest"/>
  <testcase name="testLetterInInbox" time="30.706" classname="web_eye_care.tests.UserRegistrationTest"/>
  <testcase name="testGoToMainPage" time="9.100" classname="web_eye_care.tests.UserRegistrationTest"/>
  <testcase name="testGoToRegistrationPage" time="12.762" classname="web_eye_care.tests.UserRegistrationTest"/>
  <testcase name="testSignInOfCreatedUser" time="13.152" classname="web_eye_care.tests.UserRegistrationTest"/>
</testsuite> <!-- web_eye_care.tests.UserRegistrationTest -->
