<?xml version="1.0" encoding="UTF-8"?>
<!-- Generated by org.testng.reporters.JUnitReportReporter -->
<testsuite hostname="user-H81M-HD3" name="web_eye_care.tests.BuyAsNewUserTest" tests="5" failures="0" timestamp="22 Feb 2018 18:06:33 GMT" time="19.284" errors="0">
  <testcase name="testGoToMainPage" time="5.445" classname="web_eye_care.tests.BuyAsNewUserTest"/>
  <testcase name="testGoToProductCategoryPage" time="2.474" classname="web_eye_care.tests.BuyAsNewUserTest"/>
  <testcase name="testAddToCart" time="3.904" classname="web_eye_care.tests.BuyAsNewUserTest"/>
  <testcase name="testProceedToCheckout" time="3.325" classname="web_eye_care.tests.BuyAsNewUserTest"/>
  <testcase name="testGoToProductPage" time="4.136" classname="web_eye_care.tests.BuyAsNewUserTest"/>
</testsuite> <!-- web_eye_care.tests.BuyAsNewUserTest -->
